{
  "RSpec": {
    "coverage": {
      "/Users/apprentice/Desktop/overflow/jackoverflow/app/controllers/application_controller.rb": [
        1,
        1,
        null
      ],
      "/Users/apprentice/Desktop/overflow/jackoverflow/app/helpers/application_helper.rb": [
        1,
        null
      ],
      "/Users/apprentice/Desktop/overflow/jackoverflow/app/controllers/posts_controller.rb": [
        1,
        1,
        2,
        null,
        null,
        1,
        null,
        3,
        3,
        2,
        null,
        null,
        1,
        2,
        null,
        null,
        1,
        null,
        null,
        null,
        1,
        4,
        null,
        null,
        1,
        8,
        8,
        4,
        4,
        null,
        0,
        null,
        null,
        4,
        null,
        null,
        null
      ],
      "/Users/apprentice/Desktop/overflow/jackoverflow/app/models/post.rb": [
        1,
        1,
        1,
        null,
        1,
        null,
        1,
        1,
        null,
        null
      ],
      "/Users/apprentice/Desktop/overflow/jackoverflow/app/controllers/sessions_controller.rb": [
        1,
        null,
        null,
        null
      ],
      "/Users/apprentice/Desktop/overflow/jackoverflow/app/controllers/users_controller.rb": [
        1,
        1,
        2,
        null,
        null,
        1,
        2,
        null,
        null,
        1,
        2,
        null,
        null,
        1,
        4,
        4,
        4,
        null,
        null,
        1,
        2,
        null,
        null,
        1,
        2,
        2,
        2,
        null,
        null,
        1,
        2,
        2,
        null,
        null,
        null
      ],
      "/Users/apprentice/Desktop/overflow/jackoverflow/app/models/user.rb": [
        1,
        1,
        1,
        1,
        1,
        null
      ]
    },
    "timestamp": 1394766139
  }
}
