{
  "RSpec": {
    "coverage": {
      "/Users/Hoyt/Desktop/overflow/app/controllers/application_controller.rb": [
        1,
        1,
        null
      ],
      "/Users/Hoyt/Desktop/overflow/app/helpers/application_helper.rb": [
        1,
        null
      ],
      "/Users/Hoyt/Desktop/overflow/app/controllers/comments_controller.rb": [
        1,
        null,
        1,
        3,
        3,
        null,
        null,
        1,
        4,
        4,
        4,
        2,
        null,
        null,
        1,
        4,
        4,
        null,
        null,
        1,
        2,
        2,
        2,
        1,
        null,
        null,
        1,
        2,
        2,
        2,
        2,
        null,
        null,
        null
      ],
      "/Users/Hoyt/Desktop/overflow/app/models/comment.rb": [
        1,
        1,
        1,
        1,
        1,
        null
      ],
      "/Users/Hoyt/Desktop/overflow/app/controllers/posts_controller.rb": [
        1,
        1,
        2,
        null,
        null,
        1,
        null,
        3,
        3,
        2,
        null,
        null,
        1,
        2,
        null,
        null,
        1,
        null,
        null,
        null,
        1,
        4,
        null,
        null,
        1,
        8,
        8,
        4,
        2,
        null,
        2,
        null,
        null,
        4,
        null,
        null,
        null
      ],
      "/Users/Hoyt/Desktop/overflow/app/models/post.rb": [
        1,
        1,
        1,
        null,
        1,
        null,
        1,
        1,
        1,
        null,
        null
      ],
      "/Users/Hoyt/Desktop/overflow/app/controllers/sessions_controller.rb": [
        1,
        null,
        null,
        null
      ],
      "/Users/Hoyt/Desktop/overflow/app/controllers/users_controller.rb": [
        1,
        1,
        2,
        null,
        null,
        1,
        2,
        null,
        null,
        1,
        2,
        null,
        null,
        1,
        4,
        4,
        4,
        null,
        null,
        1,
        2,
        null,
        null,
        1,
        2,
        2,
        2,
        null,
        null,
        1,
        2,
        2,
        null,
        null,
        null
      ],
      "/Users/Hoyt/Desktop/overflow/app/models/user.rb": [
        1,
        1,
        1,
        1,
        1,
        1,
        null
      ]
    },
    "timestamp": 1394767506
  }
}
